[0.108s] DEBUG:colcon:Command line arguments: ['/usr/bin/colcon', 'build', '--packages-select', 'gpt_interface', 'gpt_server', '--symlink-install']
[0.108s] DEBUG:colcon:Parsed command line arguments: Namespace(allow_overriding=[], ament_cmake_args=None, base_paths=['.'], build_base='build', catkin_cmake_args=None, catkin_skip_building_tests=False, cmake_args=None, cmake_clean_cache=False, cmake_clean_first=False, cmake_force_configure=False, cmake_target=None, cmake_target_skip_unavailable=False, continue_on_error=False, event_handlers=None, executor='parallel', ignore_user_meta=False, install_base='install', log_base=None, log_level=None, main=<bound method BuildVerb.main of <colcon_core.verb.build.BuildVerb object at 0x7f6466eeea90>>, merge_install=False, metas=['./colcon.meta'], packages_above=None, packages_above_and_dependencies=None, packages_above_depth=None, packages_end=None, packages_ignore=None, packages_ignore_regex=None, packages_select=['gpt_interface', 'gpt_server'], packages_select_build_failed=False, packages_select_by_dep=None, packages_select_regex=None, packages_select_test_failures=False, packages_skip=None, packages_skip_build_finished=False, packages_skip_by_dep=None, packages_skip_regex=None, packages_skip_test_passed=False, packages_skip_up_to=None, packages_start=None, packages_up_to=None, packages_up_to_regex=None, parallel_workers=28, paths=None, symlink_install=True, test_result_base=None, verb_extension=<colcon_core.verb.build.BuildVerb object at 0x7f6466eeea90>, verb_name='build', verb_parser=<colcon_defaults.argument_parser.defaults.DefaultArgumentsDecorator object at 0x7f6466efa220>)
[0.190s] Level 1:colcon.colcon_core.package_discovery:discover_packages(colcon_meta) check parameters
[0.190s] Level 1:colcon.colcon_core.package_discovery:discover_packages(recursive) check parameters
[0.190s] Level 1:colcon.colcon_core.package_discovery:discover_packages(ignore) check parameters
[0.190s] Level 1:colcon.colcon_core.package_discovery:discover_packages(path) check parameters
[0.190s] Level 1:colcon.colcon_core.package_discovery:discover_packages(colcon_meta) discover
[0.190s] Level 1:colcon.colcon_core.package_discovery:discover_packages(recursive) discover
[0.190s] INFO:colcon.colcon_core.package_discovery:Crawling recursively for packages in '/home/lei/my_space/work/work1/gpt_ws'
[0.190s] Level 1:colcon.colcon_core.package_identification:_identify(.) by extensions ['ignore', 'ignore_ament_install']
[0.190s] Level 1:colcon.colcon_core.package_identification:_identify(.) by extension 'ignore'
[0.190s] Level 1:colcon.colcon_core.package_identification:_identify(.) by extension 'ignore_ament_install'
[0.190s] Level 1:colcon.colcon_core.package_identification:_identify(.) by extensions ['colcon_pkg']
[0.190s] Level 1:colcon.colcon_core.package_identification:_identify(.) by extension 'colcon_pkg'
[0.190s] Level 1:colcon.colcon_core.package_identification:_identify(.) by extensions ['colcon_meta']
[0.190s] Level 1:colcon.colcon_core.package_identification:_identify(.) by extension 'colcon_meta'
[0.190s] Level 1:colcon.colcon_core.package_identification:_identify(.) by extensions ['ros']
[0.190s] Level 1:colcon.colcon_core.package_identification:_identify(.) by extension 'ros'
[0.203s] Level 1:colcon.colcon_core.package_identification:_identify(.) by extensions ['cmake', 'python']
[0.203s] Level 1:colcon.colcon_core.package_identification:_identify(.) by extension 'cmake'
[0.203s] Level 1:colcon.colcon_core.package_identification:_identify(.) by extension 'python'
[0.203s] Level 1:colcon.colcon_core.package_identification:_identify(.) by extensions ['python_setup_py']
[0.203s] Level 1:colcon.colcon_core.package_identification:_identify(.) by extension 'python_setup_py'
[0.203s] Level 1:colcon.colcon_core.package_identification:_identify(build) by extensions ['ignore', 'ignore_ament_install']
[0.204s] Level 1:colcon.colcon_core.package_identification:_identify(build) by extension 'ignore'
[0.204s] Level 1:colcon.colcon_core.package_identification:_identify(build) ignored
[0.204s] Level 1:colcon.colcon_core.package_identification:_identify(install) by extensions ['ignore', 'ignore_ament_install']
[0.204s] Level 1:colcon.colcon_core.package_identification:_identify(install) by extension 'ignore'
[0.204s] Level 1:colcon.colcon_core.package_identification:_identify(install) ignored
[0.204s] Level 1:colcon.colcon_core.package_identification:_identify(log) by extensions ['ignore', 'ignore_ament_install']
[0.204s] Level 1:colcon.colcon_core.package_identification:_identify(log) by extension 'ignore'
[0.204s] Level 1:colcon.colcon_core.package_identification:_identify(log) ignored
[0.204s] Level 1:colcon.colcon_core.package_identification:_identify(src) by extensions ['ignore', 'ignore_ament_install']
[0.204s] Level 1:colcon.colcon_core.package_identification:_identify(src) by extension 'ignore'
[0.204s] Level 1:colcon.colcon_core.package_identification:_identify(src) by extension 'ignore_ament_install'
[0.204s] Level 1:colcon.colcon_core.package_identification:_identify(src) by extensions ['colcon_pkg']
[0.204s] Level 1:colcon.colcon_core.package_identification:_identify(src) by extension 'colcon_pkg'
[0.204s] Level 1:colcon.colcon_core.package_identification:_identify(src) by extensions ['colcon_meta']
[0.204s] Level 1:colcon.colcon_core.package_identification:_identify(src) by extension 'colcon_meta'
[0.204s] Level 1:colcon.colcon_core.package_identification:_identify(src) by extensions ['ros']
[0.204s] Level 1:colcon.colcon_core.package_identification:_identify(src) by extension 'ros'
[0.204s] Level 1:colcon.colcon_core.package_identification:_identify(src) by extensions ['cmake', 'python']
[0.204s] Level 1:colcon.colcon_core.package_identification:_identify(src) by extension 'cmake'
[0.204s] Level 1:colcon.colcon_core.package_identification:_identify(src) by extension 'python'
[0.204s] Level 1:colcon.colcon_core.package_identification:_identify(src) by extensions ['python_setup_py']
[0.204s] Level 1:colcon.colcon_core.package_identification:_identify(src) by extension 'python_setup_py'
[0.204s] Level 1:colcon.colcon_core.package_identification:_identify(src/docs) by extensions ['ignore', 'ignore_ament_install']
[0.204s] Level 1:colcon.colcon_core.package_identification:_identify(src/docs) by extension 'ignore'
[0.204s] Level 1:colcon.colcon_core.package_identification:_identify(src/docs) by extension 'ignore_ament_install'
[0.204s] Level 1:colcon.colcon_core.package_identification:_identify(src/docs) by extensions ['colcon_pkg']
[0.204s] Level 1:colcon.colcon_core.package_identification:_identify(src/docs) by extension 'colcon_pkg'
[0.204s] Level 1:colcon.colcon_core.package_identification:_identify(src/docs) by extensions ['colcon_meta']
[0.204s] Level 1:colcon.colcon_core.package_identification:_identify(src/docs) by extension 'colcon_meta'
[0.204s] Level 1:colcon.colcon_core.package_identification:_identify(src/docs) by extensions ['ros']
[0.204s] Level 1:colcon.colcon_core.package_identification:_identify(src/docs) by extension 'ros'
[0.204s] Level 1:colcon.colcon_core.package_identification:_identify(src/docs) by extensions ['cmake', 'python']
[0.204s] Level 1:colcon.colcon_core.package_identification:_identify(src/docs) by extension 'cmake'
[0.204s] Level 1:colcon.colcon_core.package_identification:_identify(src/docs) by extension 'python'
[0.205s] Level 1:colcon.colcon_core.package_identification:_identify(src/docs) by extensions ['python_setup_py']
[0.205s] Level 1:colcon.colcon_core.package_identification:_identify(src/docs) by extension 'python_setup_py'
[0.205s] Level 1:colcon.colcon_core.package_identification:_identify(src/docs/assets) by extensions ['ignore', 'ignore_ament_install']
[0.205s] Level 1:colcon.colcon_core.package_identification:_identify(src/docs/assets) by extension 'ignore'
[0.205s] Level 1:colcon.colcon_core.package_identification:_identify(src/docs/assets) by extension 'ignore_ament_install'
[0.205s] Level 1:colcon.colcon_core.package_identification:_identify(src/docs/assets) by extensions ['colcon_pkg']
[0.205s] Level 1:colcon.colcon_core.package_identification:_identify(src/docs/assets) by extension 'colcon_pkg'
[0.205s] Level 1:colcon.colcon_core.package_identification:_identify(src/docs/assets) by extensions ['colcon_meta']
[0.205s] Level 1:colcon.colcon_core.package_identification:_identify(src/docs/assets) by extension 'colcon_meta'
[0.205s] Level 1:colcon.colcon_core.package_identification:_identify(src/docs/assets) by extensions ['ros']
[0.205s] Level 1:colcon.colcon_core.package_identification:_identify(src/docs/assets) by extension 'ros'
[0.205s] Level 1:colcon.colcon_core.package_identification:_identify(src/docs/assets) by extensions ['cmake', 'python']
[0.205s] Level 1:colcon.colcon_core.package_identification:_identify(src/docs/assets) by extension 'cmake'
[0.205s] Level 1:colcon.colcon_core.package_identification:_identify(src/docs/assets) by extension 'python'
[0.205s] Level 1:colcon.colcon_core.package_identification:_identify(src/docs/assets) by extensions ['python_setup_py']
[0.205s] Level 1:colcon.colcon_core.package_identification:_identify(src/docs/assets) by extension 'python_setup_py'
[0.205s] Level 1:colcon.colcon_core.package_identification:_identify(src/gpt_client) by extensions ['ignore', 'ignore_ament_install']
[0.205s] Level 1:colcon.colcon_core.package_identification:_identify(src/gpt_client) by extension 'ignore'
[0.205s] Level 1:colcon.colcon_core.package_identification:_identify(src/gpt_client) by extension 'ignore_ament_install'
[0.205s] Level 1:colcon.colcon_core.package_identification:_identify(src/gpt_client) by extensions ['colcon_pkg']
[0.205s] Level 1:colcon.colcon_core.package_identification:_identify(src/gpt_client) by extension 'colcon_pkg'
[0.205s] Level 1:colcon.colcon_core.package_identification:_identify(src/gpt_client) by extensions ['colcon_meta']
[0.205s] Level 1:colcon.colcon_core.package_identification:_identify(src/gpt_client) by extension 'colcon_meta'
[0.205s] Level 1:colcon.colcon_core.package_identification:_identify(src/gpt_client) by extensions ['ros']
[0.205s] Level 1:colcon.colcon_core.package_identification:_identify(src/gpt_client) by extension 'ros'
[0.207s] DEBUG:colcon.colcon_core.package_identification:Package 'src/gpt_client' with type 'ros.ament_python' and name 'gpt_client'
[0.207s] Level 1:colcon.colcon_core.package_identification:_identify(src/gpt_interface) by extensions ['ignore', 'ignore_ament_install']
[0.207s] Level 1:colcon.colcon_core.package_identification:_identify(src/gpt_interface) by extension 'ignore'
[0.207s] Level 1:colcon.colcon_core.package_identification:_identify(src/gpt_interface) by extension 'ignore_ament_install'
[0.207s] Level 1:colcon.colcon_core.package_identification:_identify(src/gpt_interface) by extensions ['colcon_pkg']
[0.207s] Level 1:colcon.colcon_core.package_identification:_identify(src/gpt_interface) by extension 'colcon_pkg'
[0.207s] Level 1:colcon.colcon_core.package_identification:_identify(src/gpt_interface) by extensions ['colcon_meta']
[0.207s] Level 1:colcon.colcon_core.package_identification:_identify(src/gpt_interface) by extension 'colcon_meta'
[0.207s] Level 1:colcon.colcon_core.package_identification:_identify(src/gpt_interface) by extensions ['ros']
[0.207s] Level 1:colcon.colcon_core.package_identification:_identify(src/gpt_interface) by extension 'ros'
[0.207s] DEBUG:colcon.colcon_core.package_identification:Package 'src/gpt_interface' with type 'ros.ament_cmake' and name 'gpt_interface'
[0.207s] Level 1:colcon.colcon_core.package_identification:_identify(src/gpt_server) by extensions ['ignore', 'ignore_ament_install']
[0.207s] Level 1:colcon.colcon_core.package_identification:_identify(src/gpt_server) by extension 'ignore'
[0.207s] Level 1:colcon.colcon_core.package_identification:_identify(src/gpt_server) by extension 'ignore_ament_install'
[0.207s] Level 1:colcon.colcon_core.package_identification:_identify(src/gpt_server) by extensions ['colcon_pkg']
[0.207s] Level 1:colcon.colcon_core.package_identification:_identify(src/gpt_server) by extension 'colcon_pkg'
[0.207s] Level 1:colcon.colcon_core.package_identification:_identify(src/gpt_server) by extensions ['colcon_meta']
[0.207s] Level 1:colcon.colcon_core.package_identification:_identify(src/gpt_server) by extension 'colcon_meta'
[0.207s] Level 1:colcon.colcon_core.package_identification:_identify(src/gpt_server) by extensions ['ros']
[0.207s] Level 1:colcon.colcon_core.package_identification:_identify(src/gpt_server) by extension 'ros'
[0.208s] DEBUG:colcon.colcon_core.package_identification:Package 'src/gpt_server' with type 'ros.ament_python' and name 'gpt_server'
[0.208s] Level 1:colcon.colcon_core.package_discovery:discover_packages(recursive) using defaults
[0.208s] Level 1:colcon.colcon_core.package_discovery:discover_packages(ignore) discover
[0.208s] Level 1:colcon.colcon_core.package_discovery:discover_packages(ignore) using defaults
[0.208s] Level 1:colcon.colcon_core.package_discovery:discover_packages(path) discover
[0.208s] Level 1:colcon.colcon_core.package_discovery:discover_packages(path) using defaults
[0.223s] INFO:colcon.colcon_core.package_selection:Skipping not selected package 'gpt_client' in 'src/gpt_client'
[0.223s] Level 1:colcon.colcon_core.package_discovery:discover_packages(prefix_path) check parameters
[0.223s] Level 1:colcon.colcon_core.package_discovery:discover_packages(prefix_path) discover
[0.224s] WARNING:colcon.colcon_ros.prefix_path.ament:The path '/home/lei/my_space/work/work1/gpt_ws/install/gpt_server' in the environment variable AMENT_PREFIX_PATH doesn't exist
[0.224s] WARNING:colcon.colcon_ros.prefix_path.ament:The path '/home/lei/my_space/work/work1/gpt_ws/install/gpt_interface' in the environment variable AMENT_PREFIX_PATH doesn't exist
[0.224s] WARNING:colcon.colcon_ros.prefix_path.catkin:The path '/home/lei/my_space/work/work1/gpt_ws/install/gpt_interface' in the environment variable CMAKE_PREFIX_PATH doesn't exist
[0.224s] DEBUG:colcon.colcon_installed_package_information.package_discovery:Found 1 installed packages in /home/lei/my_space/work/work1/gpt_ws/install
[0.225s] DEBUG:colcon.colcon_installed_package_information.package_discovery:Found 256 installed packages in /opt/ros/foxy
[0.225s] Level 1:colcon.colcon_core.package_discovery:discover_packages(prefix_path) using defaults
[0.255s] Level 5:colcon.colcon_core.verb:set package 'gpt_interface' build argument 'cmake_args' from command line to 'None'
[0.255s] Level 5:colcon.colcon_core.verb:set package 'gpt_interface' build argument 'cmake_target' from command line to 'None'
[0.255s] Level 5:colcon.colcon_core.verb:set package 'gpt_interface' build argument 'cmake_target_skip_unavailable' from command line to 'False'
[0.255s] Level 5:colcon.colcon_core.verb:set package 'gpt_interface' build argument 'cmake_clean_cache' from command line to 'False'
[0.255s] Level 5:colcon.colcon_core.verb:set package 'gpt_interface' build argument 'cmake_clean_first' from command line to 'False'
[0.255s] Level 5:colcon.colcon_core.verb:set package 'gpt_interface' build argument 'cmake_force_configure' from command line to 'False'
[0.255s] Level 5:colcon.colcon_core.verb:set package 'gpt_interface' build argument 'ament_cmake_args' from command line to 'None'
[0.255s] Level 5:colcon.colcon_core.verb:set package 'gpt_interface' build argument 'catkin_cmake_args' from command line to 'None'
[0.255s] Level 5:colcon.colcon_core.verb:set package 'gpt_interface' build argument 'catkin_skip_building_tests' from command line to 'False'
[0.255s] DEBUG:colcon.colcon_core.verb:Building package 'gpt_interface' with the following arguments: {'ament_cmake_args': None, 'build_base': '/home/lei/my_space/work/work1/gpt_ws/build/gpt_interface', 'catkin_cmake_args': None, 'catkin_skip_building_tests': False, 'cmake_args': None, 'cmake_clean_cache': False, 'cmake_clean_first': False, 'cmake_force_configure': False, 'cmake_target': None, 'cmake_target_skip_unavailable': False, 'install_base': '/home/lei/my_space/work/work1/gpt_ws/install/gpt_interface', 'merge_install': False, 'path': '/home/lei/my_space/work/work1/gpt_ws/src/gpt_interface', 'symlink_install': True, 'test_result_base': None}
[0.255s] Level 5:colcon.colcon_core.verb:set package 'gpt_server' build argument 'cmake_args' from command line to 'None'
[0.255s] Level 5:colcon.colcon_core.verb:set package 'gpt_server' build argument 'cmake_target' from command line to 'None'
[0.255s] Level 5:colcon.colcon_core.verb:set package 'gpt_server' build argument 'cmake_target_skip_unavailable' from command line to 'False'
[0.255s] Level 5:colcon.colcon_core.verb:set package 'gpt_server' build argument 'cmake_clean_cache' from command line to 'False'
[0.255s] Level 5:colcon.colcon_core.verb:set package 'gpt_server' build argument 'cmake_clean_first' from command line to 'False'
[0.255s] Level 5:colcon.colcon_core.verb:set package 'gpt_server' build argument 'cmake_force_configure' from command line to 'False'
[0.255s] Level 5:colcon.colcon_core.verb:set package 'gpt_server' build argument 'ament_cmake_args' from command line to 'None'
[0.255s] Level 5:colcon.colcon_core.verb:set package 'gpt_server' build argument 'catkin_cmake_args' from command line to 'None'
[0.255s] Level 5:colcon.colcon_core.verb:set package 'gpt_server' build argument 'catkin_skip_building_tests' from command line to 'False'
[0.255s] DEBUG:colcon.colcon_core.verb:Building package 'gpt_server' with the following arguments: {'ament_cmake_args': None, 'build_base': '/home/lei/my_space/work/work1/gpt_ws/build/gpt_server', 'catkin_cmake_args': None, 'catkin_skip_building_tests': False, 'cmake_args': None, 'cmake_clean_cache': False, 'cmake_clean_first': False, 'cmake_force_configure': False, 'cmake_target': None, 'cmake_target_skip_unavailable': False, 'install_base': '/home/lei/my_space/work/work1/gpt_ws/install/gpt_server', 'merge_install': False, 'path': '/home/lei/my_space/work/work1/gpt_ws/src/gpt_server', 'symlink_install': True, 'test_result_base': None}
[0.255s] INFO:colcon.colcon_core.executor:Executing jobs using 'parallel' executor
[0.256s] DEBUG:colcon.colcon_parallel_executor.executor.parallel:run_until_complete
[0.256s] INFO:colcon.colcon_ros.task.ament_cmake.build:Building ROS package in '/home/lei/my_space/work/work1/gpt_ws/src/gpt_interface' with build type 'ament_cmake'
[0.256s] INFO:colcon.colcon_cmake.task.cmake.build:Building CMake package in '/home/lei/my_space/work/work1/gpt_ws/src/gpt_interface'
[0.257s] INFO:colcon.colcon_core.plugin_system:Skipping extension 'colcon_core.shell.bat': Not used on non-Windows systems
[0.257s] INFO:colcon.colcon_core.shell:Skip shell extension 'powershell' for command environment: Not usable outside of PowerShell
[0.257s] DEBUG:colcon.colcon_core.shell:Skip shell extension 'dsv' for command environment
[0.263s] DEBUG:colcon.colcon_core.event_handler.log_command:Invoking command in '/home/lei/my_space/work/work1/gpt_ws/build/gpt_interface': CMAKE_PREFIX_PATH=${CMAKE_PREFIX_PATH}:/home/lei/my_space/work/work1/gpt_ws/install/gpt_server:/home/lei/my_space/work/work1/gpt_ws/install/gpt_client:/opt/ros/foxy /usr/local/bin/cmake /home/lei/my_space/work/work1/gpt_ws/src/gpt_interface -DAMENT_CMAKE_SYMLINK_INSTALL=1 -DCMAKE_INSTALL_PREFIX=/home/lei/my_space/work/work1/gpt_ws/install/gpt_interface
[1.115s] DEBUG:colcon.colcon_core.event_handler.log_command:Invoked command in '/home/lei/my_space/work/work1/gpt_ws/build/gpt_interface' returned '0': CMAKE_PREFIX_PATH=${CMAKE_PREFIX_PATH}:/home/lei/my_space/work/work1/gpt_ws/install/gpt_server:/home/lei/my_space/work/work1/gpt_ws/install/gpt_client:/opt/ros/foxy /usr/local/bin/cmake /home/lei/my_space/work/work1/gpt_ws/src/gpt_interface -DAMENT_CMAKE_SYMLINK_INSTALL=1 -DCMAKE_INSTALL_PREFIX=/home/lei/my_space/work/work1/gpt_ws/install/gpt_interface
[1.117s] DEBUG:colcon.colcon_core.event_handler.log_command:Invoking command in '/home/lei/my_space/work/work1/gpt_ws/build/gpt_interface': CMAKE_PREFIX_PATH=${CMAKE_PREFIX_PATH}:/home/lei/my_space/work/work1/gpt_ws/install/gpt_server:/home/lei/my_space/work/work1/gpt_ws/install/gpt_client:/opt/ros/foxy /usr/local/bin/cmake --build /home/lei/my_space/work/work1/gpt_ws/build/gpt_interface -- -j28 -l28
[2.521s] DEBUG:colcon.colcon_core.event_handler.log_command:Invoked command in '/home/lei/my_space/work/work1/gpt_ws/build/gpt_interface' returned '0': CMAKE_PREFIX_PATH=${CMAKE_PREFIX_PATH}:/home/lei/my_space/work/work1/gpt_ws/install/gpt_server:/home/lei/my_space/work/work1/gpt_ws/install/gpt_client:/opt/ros/foxy /usr/local/bin/cmake --build /home/lei/my_space/work/work1/gpt_ws/build/gpt_interface -- -j28 -l28
[2.527s] DEBUG:colcon.colcon_core.event_handler.log_command:Invoking command in '/home/lei/my_space/work/work1/gpt_ws/build/gpt_interface': CMAKE_PREFIX_PATH=${CMAKE_PREFIX_PATH}:/home/lei/my_space/work/work1/gpt_ws/install/gpt_server:/home/lei/my_space/work/work1/gpt_ws/install/gpt_client:/opt/ros/foxy /usr/local/bin/cmake --install /home/lei/my_space/work/work1/gpt_ws/build/gpt_interface
[2.660s] Level 1:colcon.colcon_core.environment:create_environment_scripts_only(gpt_interface)
[2.660s] DEBUG:colcon.colcon_core.event_handler.log_command:Invoked command in '/home/lei/my_space/work/work1/gpt_ws/build/gpt_interface' returned '0': CMAKE_PREFIX_PATH=${CMAKE_PREFIX_PATH}:/home/lei/my_space/work/work1/gpt_ws/install/gpt_server:/home/lei/my_space/work/work1/gpt_ws/install/gpt_client:/opt/ros/foxy /usr/local/bin/cmake --install /home/lei/my_space/work/work1/gpt_ws/build/gpt_interface
[2.662s] Level 1:colcon.colcon_core.environment:checking '/home/lei/my_space/work/work1/gpt_ws/install/gpt_interface' for CMake module files
[2.662s] Level 1:colcon.colcon_core.environment:checking '/home/lei/my_space/work/work1/gpt_ws/install/gpt_interface' for CMake config files
[2.662s] Level 1:colcon.colcon_core.shell:create_environment_hook('gpt_interface', 'cmake_prefix_path')
[2.663s] INFO:colcon.colcon_core.shell:Creating environment hook '/home/lei/my_space/work/work1/gpt_ws/install/gpt_interface/share/gpt_interface/hook/cmake_prefix_path.ps1'
[2.663s] INFO:colcon.colcon_core.shell:Creating environment descriptor '/home/lei/my_space/work/work1/gpt_ws/install/gpt_interface/share/gpt_interface/hook/cmake_prefix_path.dsv'
[2.664s] INFO:colcon.colcon_core.shell:Creating environment hook '/home/lei/my_space/work/work1/gpt_ws/install/gpt_interface/share/gpt_interface/hook/cmake_prefix_path.sh'
[2.664s] Level 1:colcon.colcon_core.environment:checking '/home/lei/my_space/work/work1/gpt_ws/install/gpt_interface/lib'
[2.664s] Level 1:colcon.colcon_core.shell:create_environment_hook('gpt_interface', 'ld_library_path_lib')
[2.664s] INFO:colcon.colcon_core.shell:Creating environment hook '/home/lei/my_space/work/work1/gpt_ws/install/gpt_interface/share/gpt_interface/hook/ld_library_path_lib.ps1'
[2.665s] INFO:colcon.colcon_core.shell:Creating environment descriptor '/home/lei/my_space/work/work1/gpt_ws/install/gpt_interface/share/gpt_interface/hook/ld_library_path_lib.dsv'
[2.665s] INFO:colcon.colcon_core.shell:Creating environment hook '/home/lei/my_space/work/work1/gpt_ws/install/gpt_interface/share/gpt_interface/hook/ld_library_path_lib.sh'
[2.665s] Level 1:colcon.colcon_core.environment:checking '/home/lei/my_space/work/work1/gpt_ws/install/gpt_interface/bin'
[2.665s] Level 1:colcon.colcon_core.environment:checking '/home/lei/my_space/work/work1/gpt_ws/install/gpt_interface/lib/pkgconfig/gpt_interface.pc'
[2.665s] Level 1:colcon.colcon_core.environment:checking '/home/lei/my_space/work/work1/gpt_ws/install/gpt_interface/lib/python3.8/site-packages'
[2.665s] Level 1:colcon.colcon_core.shell:create_environment_hook('gpt_interface', 'pythonpath')
[2.665s] INFO:colcon.colcon_core.shell:Creating environment hook '/home/lei/my_space/work/work1/gpt_ws/install/gpt_interface/share/gpt_interface/hook/pythonpath.ps1'
[2.666s] INFO:colcon.colcon_core.shell:Creating environment descriptor '/home/lei/my_space/work/work1/gpt_ws/install/gpt_interface/share/gpt_interface/hook/pythonpath.dsv'
[2.666s] INFO:colcon.colcon_core.shell:Creating environment hook '/home/lei/my_space/work/work1/gpt_ws/install/gpt_interface/share/gpt_interface/hook/pythonpath.sh'
[2.666s] Level 1:colcon.colcon_core.environment:checking '/home/lei/my_space/work/work1/gpt_ws/install/gpt_interface/bin'
[2.666s] INFO:colcon.colcon_core.shell:Creating package script '/home/lei/my_space/work/work1/gpt_ws/install/gpt_interface/share/gpt_interface/package.ps1'
[2.667s] INFO:colcon.colcon_core.shell:Creating package descriptor '/home/lei/my_space/work/work1/gpt_ws/install/gpt_interface/share/gpt_interface/package.dsv'
[2.667s] INFO:colcon.colcon_core.shell:Creating package script '/home/lei/my_space/work/work1/gpt_ws/install/gpt_interface/share/gpt_interface/package.sh'
[2.667s] INFO:colcon.colcon_core.shell:Creating package script '/home/lei/my_space/work/work1/gpt_ws/install/gpt_interface/share/gpt_interface/package.bash'
[2.668s] INFO:colcon.colcon_core.shell:Creating package script '/home/lei/my_space/work/work1/gpt_ws/install/gpt_interface/share/gpt_interface/package.zsh'
[2.668s] Level 1:colcon.colcon_core.environment:create_file_with_runtime_dependencies(/home/lei/my_space/work/work1/gpt_ws/install/gpt_interface/share/colcon-core/packages/gpt_interface)
[2.669s] Level 1:colcon.colcon_core.environment:create_environment_scripts_only(gpt_interface)
[2.669s] Level 1:colcon.colcon_core.environment:checking '/home/lei/my_space/work/work1/gpt_ws/install/gpt_interface' for CMake module files
[2.669s] Level 1:colcon.colcon_core.environment:checking '/home/lei/my_space/work/work1/gpt_ws/install/gpt_interface' for CMake config files
[2.669s] Level 1:colcon.colcon_core.shell:create_environment_hook('gpt_interface', 'cmake_prefix_path')
[2.669s] INFO:colcon.colcon_core.shell:Creating environment hook '/home/lei/my_space/work/work1/gpt_ws/install/gpt_interface/share/gpt_interface/hook/cmake_prefix_path.ps1'
[2.670s] INFO:colcon.colcon_core.shell:Creating environment descriptor '/home/lei/my_space/work/work1/gpt_ws/install/gpt_interface/share/gpt_interface/hook/cmake_prefix_path.dsv'
[2.670s] INFO:colcon.colcon_core.shell:Creating environment hook '/home/lei/my_space/work/work1/gpt_ws/install/gpt_interface/share/gpt_interface/hook/cmake_prefix_path.sh'
[2.670s] Level 1:colcon.colcon_core.environment:checking '/home/lei/my_space/work/work1/gpt_ws/install/gpt_interface/lib'
[2.670s] Level 1:colcon.colcon_core.shell:create_environment_hook('gpt_interface', 'ld_library_path_lib')
[2.670s] INFO:colcon.colcon_core.shell:Creating environment hook '/home/lei/my_space/work/work1/gpt_ws/install/gpt_interface/share/gpt_interface/hook/ld_library_path_lib.ps1'
[2.670s] INFO:colcon.colcon_core.shell:Creating environment descriptor '/home/lei/my_space/work/work1/gpt_ws/install/gpt_interface/share/gpt_interface/hook/ld_library_path_lib.dsv'
[2.670s] INFO:colcon.colcon_core.shell:Creating environment hook '/home/lei/my_space/work/work1/gpt_ws/install/gpt_interface/share/gpt_interface/hook/ld_library_path_lib.sh'
[2.671s] Level 1:colcon.colcon_core.environment:checking '/home/lei/my_space/work/work1/gpt_ws/install/gpt_interface/bin'
[2.671s] Level 1:colcon.colcon_core.environment:checking '/home/lei/my_space/work/work1/gpt_ws/install/gpt_interface/lib/pkgconfig/gpt_interface.pc'
[2.671s] Level 1:colcon.colcon_core.environment:checking '/home/lei/my_space/work/work1/gpt_ws/install/gpt_interface/lib/python3.8/site-packages'
[2.671s] Level 1:colcon.colcon_core.shell:create_environment_hook('gpt_interface', 'pythonpath')
[2.671s] INFO:colcon.colcon_core.shell:Creating environment hook '/home/lei/my_space/work/work1/gpt_ws/install/gpt_interface/share/gpt_interface/hook/pythonpath.ps1'
[2.671s] INFO:colcon.colcon_core.shell:Creating environment descriptor '/home/lei/my_space/work/work1/gpt_ws/install/gpt_interface/share/gpt_interface/hook/pythonpath.dsv'
[2.671s] INFO:colcon.colcon_core.shell:Creating environment hook '/home/lei/my_space/work/work1/gpt_ws/install/gpt_interface/share/gpt_interface/hook/pythonpath.sh'
[2.672s] Level 1:colcon.colcon_core.environment:checking '/home/lei/my_space/work/work1/gpt_ws/install/gpt_interface/bin'
[2.672s] INFO:colcon.colcon_core.shell:Creating package script '/home/lei/my_space/work/work1/gpt_ws/install/gpt_interface/share/gpt_interface/package.ps1'
[2.672s] INFO:colcon.colcon_core.shell:Creating package descriptor '/home/lei/my_space/work/work1/gpt_ws/install/gpt_interface/share/gpt_interface/package.dsv'
[2.672s] INFO:colcon.colcon_core.shell:Creating package script '/home/lei/my_space/work/work1/gpt_ws/install/gpt_interface/share/gpt_interface/package.sh'
[2.673s] INFO:colcon.colcon_core.shell:Creating package script '/home/lei/my_space/work/work1/gpt_ws/install/gpt_interface/share/gpt_interface/package.bash'
[2.673s] INFO:colcon.colcon_core.shell:Creating package script '/home/lei/my_space/work/work1/gpt_ws/install/gpt_interface/share/gpt_interface/package.zsh'
[2.673s] Level 1:colcon.colcon_core.environment:create_file_with_runtime_dependencies(/home/lei/my_space/work/work1/gpt_ws/install/gpt_interface/share/colcon-core/packages/gpt_interface)
[2.673s] INFO:colcon.colcon_ros.task.ament_python.build:Building ROS package in '/home/lei/my_space/work/work1/gpt_ws/src/gpt_server' with build type 'ament_python'
[2.673s] Level 1:colcon.colcon_core.shell:create_environment_hook('gpt_server', 'ament_prefix_path')
[2.674s] INFO:colcon.colcon_core.shell:Creating environment hook '/home/lei/my_space/work/work1/gpt_ws/install/gpt_server/share/gpt_server/hook/ament_prefix_path.ps1'
[2.674s] INFO:colcon.colcon_core.shell:Creating environment descriptor '/home/lei/my_space/work/work1/gpt_ws/install/gpt_server/share/gpt_server/hook/ament_prefix_path.dsv'
[2.674s] INFO:colcon.colcon_core.shell:Creating environment hook '/home/lei/my_space/work/work1/gpt_ws/install/gpt_server/share/gpt_server/hook/ament_prefix_path.sh'
[2.674s] INFO:colcon.colcon_core.shell:Skip shell extension 'powershell' for command environment: Not usable outside of PowerShell
[2.674s] DEBUG:colcon.colcon_core.shell:Skip shell extension 'dsv' for command environment
[2.815s] INFO:colcon.colcon_core.task.python.build:Building Python package in '/home/lei/my_space/work/work1/gpt_ws/src/gpt_server'
[2.816s] INFO:colcon.colcon_core.shell:Skip shell extension 'powershell' for command environment: Not usable outside of PowerShell
[2.816s] DEBUG:colcon.colcon_core.shell:Skip shell extension 'dsv' for command environment
[3.043s] DEBUG:colcon.colcon_core.event_handler.log_command:Invoking command in '/home/lei/my_space/work/work1/gpt_ws/build/gpt_server': LD_LIBRARY_PATH=/home/lei/my_space/work/work1/gpt_ws/install/gpt_interface/lib:/opt/ros/foxy/opt/yaml_cpp_vendor/lib:/opt/ros/foxy/opt/rviz_ogre_vendor/lib:/opt/ros/foxy/lib/x86_64-linux-gnu:/opt/ros/foxy/lib:/usr/local/cuda-12.8/lib64 PYTHONPATH=/home/lei/my_space/work/work1/gpt_ws/build/gpt_server/prefix_override:/usr/lib/python3/dist-packages/colcon_core/task/python/colcon_distutils_commands:/home/lei/my_space/work/work1/gpt_ws/install/gpt_server/lib/python3.8/site-packages:/home/lei/my_space/work/work1/gpt_ws/install/gpt_interface/lib/python3.8/site-packages:${PYTHONPATH} /usr/bin/python3 -W ignore:setup.py install is deprecated -W ignore:easy_install command is deprecated setup.py develop --editable --build-directory /home/lei/my_space/work/work1/gpt_ws/build/gpt_server/build --no-deps symlink_data
[3.293s] Level 1:colcon.colcon_core.shell:create_environment_hook('gpt_server', 'pythonpath_develop')
[3.293s] DEBUG:colcon.colcon_core.event_handler.log_command:Invoked command in '/home/lei/my_space/work/work1/gpt_ws/build/gpt_server' returned '0': LD_LIBRARY_PATH=/home/lei/my_space/work/work1/gpt_ws/install/gpt_interface/lib:/opt/ros/foxy/opt/yaml_cpp_vendor/lib:/opt/ros/foxy/opt/rviz_ogre_vendor/lib:/opt/ros/foxy/lib/x86_64-linux-gnu:/opt/ros/foxy/lib:/usr/local/cuda-12.8/lib64 PYTHONPATH=/home/lei/my_space/work/work1/gpt_ws/build/gpt_server/prefix_override:/usr/lib/python3/dist-packages/colcon_core/task/python/colcon_distutils_commands:/home/lei/my_space/work/work1/gpt_ws/install/gpt_server/lib/python3.8/site-packages:/home/lei/my_space/work/work1/gpt_ws/install/gpt_interface/lib/python3.8/site-packages:${PYTHONPATH} /usr/bin/python3 -W ignore:setup.py install is deprecated -W ignore:easy_install command is deprecated setup.py develop --editable --build-directory /home/lei/my_space/work/work1/gpt_ws/build/gpt_server/build --no-deps symlink_data
[3.294s] INFO:colcon.colcon_core.shell:Creating environment hook '/home/lei/my_space/work/work1/gpt_ws/build/gpt_server/share/gpt_server/hook/pythonpath_develop.ps1'
[3.294s] INFO:colcon.colcon_core.shell:Creating environment descriptor '/home/lei/my_space/work/work1/gpt_ws/build/gpt_server/share/gpt_server/hook/pythonpath_develop.dsv'
[3.295s] INFO:colcon.colcon_core.shell:Creating environment hook '/home/lei/my_space/work/work1/gpt_ws/build/gpt_server/share/gpt_server/hook/pythonpath_develop.sh'
[3.295s] Level 1:colcon.colcon_core.environment:checking '/home/lei/my_space/work/work1/gpt_ws/install/gpt_server' for CMake module files
[3.295s] Level 1:colcon.colcon_core.environment:checking '/home/lei/my_space/work/work1/gpt_ws/install/gpt_server' for CMake config files
[3.295s] Level 1:colcon.colcon_core.environment:checking '/home/lei/my_space/work/work1/gpt_ws/install/gpt_server/lib'
[3.295s] Level 1:colcon.colcon_core.environment:checking '/home/lei/my_space/work/work1/gpt_ws/install/gpt_server/bin'
[3.296s] Level 1:colcon.colcon_core.environment:checking '/home/lei/my_space/work/work1/gpt_ws/install/gpt_server/lib/pkgconfig/gpt_server.pc'
[3.296s] Level 1:colcon.colcon_core.environment:checking '/home/lei/my_space/work/work1/gpt_ws/install/gpt_server/lib/python3.8/site-packages'
[3.296s] Level 1:colcon.colcon_core.shell:create_environment_hook('gpt_server', 'pythonpath')
[3.296s] INFO:colcon.colcon_core.shell:Creating environment hook '/home/lei/my_space/work/work1/gpt_ws/install/gpt_server/share/gpt_server/hook/pythonpath.ps1'
[3.296s] INFO:colcon.colcon_core.shell:Creating environment descriptor '/home/lei/my_space/work/work1/gpt_ws/install/gpt_server/share/gpt_server/hook/pythonpath.dsv'
[3.296s] INFO:colcon.colcon_core.shell:Creating environment hook '/home/lei/my_space/work/work1/gpt_ws/install/gpt_server/share/gpt_server/hook/pythonpath.sh'
[3.297s] Level 1:colcon.colcon_core.environment:checking '/home/lei/my_space/work/work1/gpt_ws/install/gpt_server/bin'
[3.297s] Level 1:colcon.colcon_core.environment:create_environment_scripts_only(gpt_server)
[3.297s] INFO:colcon.colcon_core.shell:Creating package script '/home/lei/my_space/work/work1/gpt_ws/install/gpt_server/share/gpt_server/package.ps1'
[3.297s] INFO:colcon.colcon_core.shell:Creating package descriptor '/home/lei/my_space/work/work1/gpt_ws/install/gpt_server/share/gpt_server/package.dsv'
[3.297s] INFO:colcon.colcon_core.shell:Creating package script '/home/lei/my_space/work/work1/gpt_ws/install/gpt_server/share/gpt_server/package.sh'
[3.298s] INFO:colcon.colcon_core.shell:Creating package script '/home/lei/my_space/work/work1/gpt_ws/install/gpt_server/share/gpt_server/package.bash'
[3.298s] INFO:colcon.colcon_core.shell:Creating package script '/home/lei/my_space/work/work1/gpt_ws/install/gpt_server/share/gpt_server/package.zsh'
[3.298s] Level 1:colcon.colcon_core.environment:create_file_with_runtime_dependencies(/home/lei/my_space/work/work1/gpt_ws/install/gpt_server/share/colcon-core/packages/gpt_server)
[3.298s] DEBUG:colcon.colcon_parallel_executor.executor.parallel:closing loop
[3.298s] DEBUG:colcon.colcon_parallel_executor.executor.parallel:loop closed
[3.298s] DEBUG:colcon.colcon_parallel_executor.executor.parallel:run_until_complete finished with '0'
[3.298s] DEBUG:colcon.colcon_core.event_reactor:joining thread
[3.303s] INFO:colcon.colcon_core.plugin_system:Skipping extension 'colcon_notification.desktop_notification.terminal_notifier': Not used on non-Darwin systems
[3.303s] INFO:colcon.colcon_core.plugin_system:Skipping extension 'colcon_notification.desktop_notification.win32': Not used on non-Windows systems
[3.303s] INFO:colcon.colcon_notification.desktop_notification:Sending desktop notification using 'notify2'
[3.306s] DEBUG:colcon.colcon_notification.desktop_notification.notify2:Failed to initialize notify2: org.freedesktop.DBus.Error.ServiceUnknown: The name org.freedesktop.Notifications was not provided by any .service files
[3.306s] DEBUG:colcon.colcon_core.event_reactor:joined thread
[3.307s] INFO:colcon.colcon_core.shell:Creating prefix script '/home/lei/my_space/work/work1/gpt_ws/install/local_setup.ps1'
[3.307s] INFO:colcon.colcon_core.shell:Creating prefix util module '/home/lei/my_space/work/work1/gpt_ws/install/_local_setup_util_ps1.py'
[3.308s] INFO:colcon.colcon_core.shell:Creating prefix chain script '/home/lei/my_space/work/work1/gpt_ws/install/setup.ps1'
[3.308s] INFO:colcon.colcon_core.shell:Creating prefix script '/home/lei/my_space/work/work1/gpt_ws/install/local_setup.sh'
[3.309s] INFO:colcon.colcon_core.shell:Creating prefix util module '/home/lei/my_space/work/work1/gpt_ws/install/_local_setup_util_sh.py'
[3.309s] INFO:colcon.colcon_core.shell:Creating prefix chain script '/home/lei/my_space/work/work1/gpt_ws/install/setup.sh'
[3.310s] INFO:colcon.colcon_core.shell:Creating prefix script '/home/lei/my_space/work/work1/gpt_ws/install/local_setup.bash'
[3.310s] INFO:colcon.colcon_core.shell:Creating prefix chain script '/home/lei/my_space/work/work1/gpt_ws/install/setup.bash'
[3.311s] INFO:colcon.colcon_core.shell:Creating prefix script '/home/lei/my_space/work/work1/gpt_ws/install/local_setup.zsh'
[3.311s] INFO:colcon.colcon_core.shell:Creating prefix chain script '/home/lei/my_space/work/work1/gpt_ws/install/setup.zsh'
